<?xml version="1.0" encoding="UTF-8"?>
<!-- Generated by org.testng.reporters.JUnitXMLReporter -->
<testsuite ignored="0" hostname="blr-mp17k" failures="8" tests="10" name="JPMC Assesment Test" time="35.093" errors="0" timestamp="2022-06-07T10:27:21 IST">
  <testcase classname="com.jpmc.digital.automation.myRunner.TestRunner" name="feature" time="10.76">
    <failure type="cucumber.runtime.CucumberException" message="java.lang.AssertionError: expected [400] but found [201]">
      <![CDATA[cucumber.runtime.CucumberException: java.lang.AssertionError: expected [400] but found [201]
at cucumber.api.testng.TestNGCucumberRunner.runCucumber(TestNGCucumberRunner.java:69)
at com.jpmc.digital.automation.myRunner.TestRunner.feature(TestRunner.java:35)
at java.base/java.util.ArrayList.forEach(ArrayList.java:1541)
at java.base/java.util.concurrent.FutureTask.run(FutureTask.java:264)
at java.base/java.util.concurrent.ThreadPoolExecutor.runWorker(ThreadPoolExecutor.java:1128)
at java.base/java.util.concurrent.ThreadPoolExecutor$Worker.run(ThreadPoolExecutor.java:628)
at java.base/java.lang.Thread.run(Thread.java:829)
Caused by: java.lang.AssertionError: expected [400] but found [201]
at com.jpmc.digital.automation.stepDefinitions.CreatePosts.validate_return_api_response_code_and_ResponseData_for_each_attribute(CreatePosts.java:44)
at ✽.Then Validate return api response code 400 and ResponseData for each attribute(CreatePosts.feature:6)
... Removed 23 stack frames]]>
    </failure>
  </testcase> <!-- feature -->
  <testcase classname="com.jpmc.digital.automation.myRunner.TestRunner" name="feature" time="2.546">
    <failure type="cucumber.runtime.CucumberException" message="java.lang.AssertionError: expected [404] but found [200]">
      <![CDATA[cucumber.runtime.CucumberException: java.lang.AssertionError: expected [404] but found [200]
at cucumber.api.testng.TestNGCucumberRunner.runCucumber(TestNGCucumberRunner.java:69)
at com.jpmc.digital.automation.myRunner.TestRunner.feature(TestRunner.java:35)
at java.base/java.util.ArrayList.forEach(ArrayList.java:1541)
at java.base/java.util.concurrent.FutureTask.run(FutureTask.java:264)
at java.base/java.util.concurrent.ThreadPoolExecutor.runWorker(ThreadPoolExecutor.java:1128)
at java.base/java.util.concurrent.ThreadPoolExecutor$Worker.run(ThreadPoolExecutor.java:628)
at java.base/java.lang.Thread.run(Thread.java:829)
Caused by: java.lang.AssertionError: expected [404] but found [200]
at com.jpmc.digital.automation.stepDefinitions.DeletePosts.validate_ResponseCode_and_response_data_for_Delete_posts(DeletePosts.java:30)
at ✽.Then Validate ResponseCode 404 and response data for Delete posts(DeletePosts.feature:6)
... Removed 23 stack frames]]>
    </failure>
  </testcase> <!-- feature -->
  <testcase classname="com.jpmc.digital.automation.myRunner.TestRunner" name="feature" time="7.796">
    <failure type="cucumber.runtime.CucumberException" message="java.lang.AssertionError: expected [400] but found [200]">
      <![CDATA[cucumber.runtime.CucumberException: java.lang.AssertionError: expected [400] but found [200]
at cucumber.api.testng.TestNGCucumberRunner.runCucumber(TestNGCucumberRunner.java:69)
at com.jpmc.digital.automation.myRunner.TestRunner.feature(TestRunner.java:35)
at java.base/java.util.ArrayList.forEach(ArrayList.java:1541)
at java.base/java.util.concurrent.FutureTask.run(FutureTask.java:264)
at java.base/java.util.concurrent.ThreadPoolExecutor.runWorker(ThreadPoolExecutor.java:1128)
at java.base/java.util.concurrent.ThreadPoolExecutor$Worker.run(ThreadPoolExecutor.java:628)
at java.base/java.lang.Thread.run(Thread.java:829)
Caused by: java.lang.AssertionError: expected [400] but found [200]
at com.jpmc.digital.automation.stepDefinitions.EditPosts.validate_api_response_code_and_ResponseData_different_attributes(EditPosts.java:46)
at ✽.Then Validate api response code 400 and ResponseData different attributes(EditPosts.feature:6)
... Removed 23 stack frames]]>
    </failure>
  </testcase> <!-- feature -->
  <testcase classname="com.jpmc.digital.automation.myRunner.TestRunner" name="feature" time="2.615">
    <failure type="cucumber.runtime.CucumberException" message="java.lang.AssertionError: expected [400] but found [200]">
      <![CDATA[cucumber.runtime.CucumberException: java.lang.AssertionError: expected [400] but found [200]
at cucumber.api.testng.TestNGCucumberRunner.runCucumber(TestNGCucumberRunner.java:69)
at com.jpmc.digital.automation.myRunner.TestRunner.feature(TestRunner.java:35)
at java.base/java.util.ArrayList.forEach(ArrayList.java:1541)
at java.base/java.util.concurrent.FutureTask.run(FutureTask.java:264)
at java.base/java.util.concurrent.ThreadPoolExecutor.runWorker(ThreadPoolExecutor.java:1128)
at java.base/java.util.concurrent.ThreadPoolExecutor$Worker.run(ThreadPoolExecutor.java:628)
at java.base/java.lang.Thread.run(Thread.java:829)
Caused by: java.lang.AssertionError: expected [400] but found [200]
at com.jpmc.digital.automation.stepDefinitions.GetCommentsBasedonPostId.validate_responseCode_and_response_body_of_comments_api(GetCommentsBasedonPostId.java:38)
at ✽.Then Validate responseCode 400 and response body of comments api(GetCommentsBasedOnPostId.feature:5)
... Removed 23 stack frames]]>
    </failure>
  </testcase> <!-- feature -->
  <testcase classname="com.jpmc.digital.automation.myRunner.TestRunner" name="feature" time="3.166">
    <failure type="cucumber.runtime.CucumberException" message="java.lang.AssertionError: expected [400] but found [200]">
      <![CDATA[cucumber.runtime.CucumberException: java.lang.AssertionError: expected [400] but found [200]
at cucumber.api.testng.TestNGCucumberRunner.runCucumber(TestNGCucumberRunner.java:69)
at com.jpmc.digital.automation.myRunner.TestRunner.feature(TestRunner.java:35)
at java.base/java.util.ArrayList.forEach(ArrayList.java:1541)
at java.base/java.util.concurrent.FutureTask.run(FutureTask.java:264)
at java.base/java.util.concurrent.ThreadPoolExecutor.runWorker(ThreadPoolExecutor.java:1128)
at java.base/java.util.concurrent.ThreadPoolExecutor$Worker.run(ThreadPoolExecutor.java:628)
at java.base/java.lang.Thread.run(Thread.java:829)
Caused by: java.lang.AssertionError: expected [400] but found [200]
at com.jpmc.digital.automation.stepDefinitions.GetCommentsBasedonUserId.validate_response_code_and_response_body_of_comments_api(GetCommentsBasedonUserId.java:35)
at ✽.Then Validate response code 400 and response body of comments api.(GetCommentsBasedOnUserId.feature:5)
... Removed 23 stack frames]]>
    </failure>
  </testcase> <!-- feature -->
  <testcase classname="com.jpmc.digital.automation.myRunner.TestRunner" name="feature" time="0.196">
    <failure type="cucumber.runtime.CucumberException" message="java.lang.AssertionError: expected [406] but found [200]">
      <![CDATA[cucumber.runtime.CucumberException: java.lang.AssertionError: expected [406] but found [200]
at cucumber.api.testng.TestNGCucumberRunner.runCucumber(TestNGCucumberRunner.java:69)
at com.jpmc.digital.automation.myRunner.TestRunner.feature(TestRunner.java:35)
at java.base/java.util.ArrayList.forEach(ArrayList.java:1541)
at java.base/java.util.concurrent.FutureTask.run(FutureTask.java:264)
at java.base/java.util.concurrent.ThreadPoolExecutor.runWorker(ThreadPoolExecutor.java:1128)
at java.base/java.util.concurrent.ThreadPoolExecutor$Worker.run(ThreadPoolExecutor.java:628)
at java.base/java.lang.Thread.run(Thread.java:829)
Caused by: java.lang.AssertionError: expected [406] but found [200]
at com.jpmc.digital.automation.stepDefinitions.GetAllPosts.validate_the_response_code(GetAllPosts.java:75)
at ✽.Then Validate the response code 406(GetPosts.feature:12)
... Removed 23 stack frames]]>
    </failure>
  </testcase> <!-- feature -->
  <testcase classname="com.jpmc.digital.automation.myRunner.TestRunner" name="feature" time="1.725">
    <failure type="cucumber.runtime.CucumberException" message="java.lang.AssertionError: expected [404] but found [200]">
      <![CDATA[cucumber.runtime.CucumberException: java.lang.AssertionError: expected [404] but found [200]
at cucumber.api.testng.TestNGCucumberRunner.runCucumber(TestNGCucumberRunner.java:69)
at com.jpmc.digital.automation.myRunner.TestRunner.feature(TestRunner.java:35)
at java.base/java.util.ArrayList.forEach(ArrayList.java:1541)
at java.base/java.util.concurrent.FutureTask.run(FutureTask.java:264)
at java.base/java.util.concurrent.ThreadPoolExecutor.runWorker(ThreadPoolExecutor.java:1128)
at java.base/java.util.concurrent.ThreadPoolExecutor$Worker.run(ThreadPoolExecutor.java:628)
at java.base/java.lang.Thread.run(Thread.java:829)
Caused by: java.lang.AssertionError: expected [404] but found [200]
at com.jpmc.digital.automation.stepDefinitions.GetPostsBasedonUserId.validate_the_response_code_and_response_data(GetPostsBasedonUserId.java:37)
at ✽.Then Validate the response code 404 and response data(GetPostsBasedonUserId.feature:5)
... Removed 23 stack frames]]>
    </failure>
  </testcase> <!-- feature -->
  <testcase classname="com.jpmc.digital.automation.myRunner.TestRunner" name="feature" time="1.78"/>
  <testcase classname="com.jpmc.digital.automation.myRunner.TestRunner" name="feature" time="0.057"/>
  <testcase classname="com.jpmc.digital.automation.myRunner.TestRunner" name="feature" time="4.077">
    <failure type="cucumber.runtime.CucumberException" message="java.lang.AssertionError: expected [400] but found [200]">
      <![CDATA[cucumber.runtime.CucumberException: java.lang.AssertionError: expected [400] but found [200]
at cucumber.api.testng.TestNGCucumberRunner.runCucumber(TestNGCucumberRunner.java:69)
at com.jpmc.digital.automation.myRunner.TestRunner.feature(TestRunner.java:35)
at java.base/java.util.ArrayList.forEach(ArrayList.java:1541)
at java.base/java.util.concurrent.FutureTask.run(FutureTask.java:264)
at java.base/java.util.concurrent.ThreadPoolExecutor.runWorker(ThreadPoolExecutor.java:1128)
at java.base/java.util.concurrent.ThreadPoolExecutor$Worker.run(ThreadPoolExecutor.java:628)
at java.base/java.lang.Thread.run(Thread.java:829)
Caused by: java.lang.AssertionError: expected [400] but found [200]
at com.jpmc.digital.automation.stepDefinitions.PatchPosts.validate_response_code_and_Response_Data_for_each_attribute(PatchPosts.java:42)
at ✽.Then Validate response code 400 and Response Data for each attribute(PatchPosts.feature:6)
... Removed 23 stack frames]]>
    </failure>
  </testcase> <!-- feature -->
</testsuite> <!-- JPMC Assesment Test -->
